CRITICAL - 2024-02-26 15:25:40 --> CodeIgniter\Exceptions\ConfigException: Config\App::$baseURL " http://localhost:8080/" is not a valid URL.
in SYSTEMPATH\HTTP\SiteURI.php on line 199.
 1 SYSTEMPATH\HTTP\SiteURI.php(145): CodeIgniter\HTTP\SiteURI->normalizeBaseURL(Object(Config\App))
 2 SYSTEMPATH\HTTP\SiteURI.php(100): CodeIgniter\HTTP\SiteURI->determineBaseURL(Object(Config\App), null, null)
 3 SYSTEMPATH\HTTP\SiteURIFactory.php(224): CodeIgniter\HTTP\SiteURI->__construct(Object(Config\App), 'users/add', null)
 4 SYSTEMPATH\HTTP\SiteURIFactory.php(45): CodeIgniter\HTTP\SiteURIFactory->createURIFromRoutePath('users/add')
 5 SYSTEMPATH\Config\Services.php(799): CodeIgniter\HTTP\SiteURIFactory->createFromGlobals()
 6 SYSTEMPATH\Config\BaseService.php(258): CodeIgniter\Config\Services::uri(null, false)
 7 SYSTEMPATH\Config\BaseService.php(199): CodeIgniter\Config\BaseService::__callStatic('uri', [...])
 8 SYSTEMPATH\Config\Services.php(792): CodeIgniter\Config\BaseService::getSharedInstance('uri', null)
 9 SYSTEMPATH\Config\BaseService.php(258): CodeIgniter\Config\Services::uri()
10 SYSTEMPATH\Config\Services.php(566): CodeIgniter\Config\BaseService::__callStatic('uri', [])
11 SYSTEMPATH\Config\BaseService.php(258): CodeIgniter\Config\Services::incomingrequest(Object(Config\App), false)
12 SYSTEMPATH\Config\Services.php(524): CodeIgniter\Config\BaseService::__callStatic('incomingrequest', [...])
13 SYSTEMPATH\Config\BaseService.php(258): CodeIgniter\Config\Services::request(Object(Config\App), false)
14 SYSTEMPATH\Config\BaseService.php(199): CodeIgniter\Config\BaseService::__callStatic('request', [...])
15 SYSTEMPATH\Config\Services.php(559): CodeIgniter\Config\BaseService::getSharedInstance('request', Object(Config\App))
16 SYSTEMPATH\Config\BaseService.php(258): CodeIgniter\Config\Services::incomingrequest(Object(Config\App))
17 SYSTEMPATH\Config\Services.php(539): CodeIgniter\Config\BaseService::__callStatic('incomingrequest', [...])
18 SYSTEMPATH\Config\BaseService.php(258): CodeIgniter\Config\Services::createRequest(Object(Config\App))
19 SYSTEMPATH\CodeIgniter.php(655): CodeIgniter\Config\BaseService::__callStatic('createRequest', [...])
20 SYSTEMPATH\CodeIgniter.php(355): CodeIgniter\CodeIgniter->getRequestObject()
21 FCPATH\index.php(79): CodeIgniter\CodeIgniter->run()
22 SYSTEMPATH\Commands\Server\rewrite.php(47): require_once('C:\\xampp\\htdocs\\roxas-ci\\public\\index.php')
CRITICAL - 2024-02-26 15:25:40 --> ErrorException: Uncaught CodeIgniter\Exceptions\ConfigException: Config\App::$baseURL " http://localhost:8080/" is not a valid URL. in C:\xampp\htdocs\roxas-ci\system\HTTP\SiteURI.php:199
Stack trace:
#0 C:\xampp\htdocs\roxas-ci\system\HTTP\SiteURI.php(145): CodeIgniter\HTTP\SiteURI->normalizeBaseURL(Object(Config\App))
#1 C:\xampp\htdocs\roxas-ci\system\HTTP\SiteURI.php(100): CodeIgniter\HTTP\SiteURI->determineBaseURL(Object(Config\App), NULL, NULL)
#2 C:\xampp\htdocs\roxas-ci\system\HTTP\SiteURIFactory.php(224): CodeIgniter\HTTP\SiteURI->__construct(Object(Config\App), 'users/add', NULL)
#3 C:\xampp\htdocs\roxas-ci\system\HTTP\SiteURIFactory.php(45): CodeIgniter\HTTP\SiteURIFactory->createURIFromRoutePath('users/add')
#4 C:\xampp\htdocs\roxas-ci\system\Config\Services.php(799): CodeIgniter\HTTP\SiteURIFactory->createFromGlobals()
#5 C:\xampp\htdocs\roxas-ci\system\Config\BaseService.php(258): CodeIgniter\Config\Services::uri(NULL, false)
#6 C:\xampp\htdocs\roxas-ci\system\Config\BaseService.php(199): CodeIgniter\Config\Bas
【Previous Exception】
CodeIgniter\Exceptions\ConfigException
Config\App::$baseURL " http://localhost:8080/" is not a valid URL.
#0 C:\xampp\htdocs\roxas-ci\system\HTTP\SiteURI.php(145): CodeIgniter\HTTP\SiteURI->normalizeBaseURL(Object(Config\App))
#1 C:\xampp\htdocs\roxas-ci\system\HTTP\SiteURI.php(100): CodeIgniter\HTTP\SiteURI->determineBaseURL(Object(Config\App), NULL, NULL)
#2 C:\xampp\htdocs\roxas-ci\system\HTTP\SiteURIFactory.php(224): CodeIgniter\HTTP\SiteURI->__construct(Object(Config\App), 'users/add', NULL)
#3 C:\xampp\htdocs\roxas-ci\system\HTTP\SiteURIFactory.php(45): CodeIgniter\HTTP\SiteURIFactory->createURIFromRoutePath('users/add')
#4 C:\xampp\htdocs\roxas-ci\system\Config\Services.php(799): CodeIgniter\HTTP\SiteURIFactory->createFromGlobals()
#5 C:\xampp\htdocs\roxas-ci\system\Config\BaseService.php(258): CodeIgniter\Config\Services::uri(NULL, false)
#6 C:\xampp\htdocs\roxas-ci\system\Config\BaseService.php(199): CodeIgniter\Config\BaseService::__callStatic('uri', Array)
#7 C:\xampp\htdocs\roxas-ci\system\Config\Services.php(792): CodeIgniter\Config\BaseService::getSharedInstance('uri', NULL)
#8 C:\xampp\htdocs\roxas-ci\system\Config\BaseService.php(258): CodeIgniter\Config\Services::uri()
#9 C:\xampp\htdocs\roxas-ci\system\Config\Services.php(566): CodeIgniter\Config\BaseService::__callStatic('uri', Array)
#10 C:\xampp\htdocs\roxas-ci\system\Config\BaseService.php(258): CodeIgniter\Config\Services::incomingrequest(Object(Config\App), false)
#11 C:\xampp\htdocs\roxas-ci\system\Config\Services.php(524): CodeIgniter\Config\BaseService::__callStatic('incomingrequest', Array)
#12 C:\xampp\htdocs\roxas-ci\system\Config\BaseService.php(258): CodeIgniter\Config\Services::request(Object(Config\App), false)
#13 C:\xampp\htdocs\roxas-ci\system\Config\BaseService.php(199): CodeIgniter\Config\BaseService::__callStatic('request', Array)
#14 C:\xampp\htdocs\roxas-ci\system\Config\Services.php(559): CodeIgniter\Config\BaseService::getSharedInstance('request', Object(Config\App))
#15 C:\xampp\htdocs\roxas-ci\system\Config\BaseService.php(258): CodeIgniter\Config\Services::incomingrequest(Object(Config\App))
#16 C:\xampp\htdocs\roxas-ci\system\Config\Services.php(539): CodeIgniter\Config\BaseService::__callStatic('incomingrequest', Array)
#17 C:\xampp\htdocs\roxas-ci\system\Config\BaseService.php(258): CodeIgniter\Config\Services::createRequest(Object(Config\App))
#18 C:\xampp\htdocs\roxas-ci\system\CodeIgniter.php(655): CodeIgniter\Config\BaseService::__callStatic('createRequest', Array)
#19 C:\xampp\htdocs\roxas-ci\system\CodeIgniter.php(355): CodeIgniter\CodeIgniter->getRequestObject()
#20 C:\xampp\htdocs\roxas-ci\public\index.php(79): CodeIgniter\CodeIgniter->run()
#21 C:\xampp\htdocs\roxas-ci\system\Commands\Server\rewrite.php(47): require_once('C:\\xampp\\htdocs...')
#22 {main}
in SYSTEMPATH\HTTP\SiteURI.php on line 199.
 1 [internal function]: CodeIgniter\Debug\Exceptions->shutdownHandler()
CRITICAL - 2024-02-26 15:25:46 --> CodeIgniter\Exceptions\ConfigException: Config\App::$baseURL " http://localhost:8080/" is not a valid URL.
in SYSTEMPATH\HTTP\SiteURI.php on line 199.
 1 SYSTEMPATH\HTTP\SiteURI.php(145): CodeIgniter\HTTP\SiteURI->normalizeBaseURL(Object(Config\App))
 2 SYSTEMPATH\HTTP\SiteURI.php(100): CodeIgniter\HTTP\SiteURI->determineBaseURL(Object(Config\App), null, null)
 3 SYSTEMPATH\HTTP\SiteURIFactory.php(224): CodeIgniter\HTTP\SiteURI->__construct(Object(Config\App), 'users/add', null)
 4 SYSTEMPATH\HTTP\SiteURIFactory.php(45): CodeIgniter\HTTP\SiteURIFactory->createURIFromRoutePath('users/add')
 5 SYSTEMPATH\Config\Services.php(799): CodeIgniter\HTTP\SiteURIFactory->createFromGlobals()
 6 SYSTEMPATH\Config\BaseService.php(258): CodeIgniter\Config\Services::uri(null, false)
 7 SYSTEMPATH\Config\BaseService.php(199): CodeIgniter\Config\BaseService::__callStatic('uri', [...])
 8 SYSTEMPATH\Config\Services.php(792): CodeIgniter\Config\BaseService::getSharedInstance('uri', null)
 9 SYSTEMPATH\Config\BaseService.php(258): CodeIgniter\Config\Services::uri()
10 SYSTEMPATH\Config\Services.php(566): CodeIgniter\Config\BaseService::__callStatic('uri', [])
11 SYSTEMPATH\Config\BaseService.php(258): CodeIgniter\Config\Services::incomingrequest(Object(Config\App), false)
12 SYSTEMPATH\Config\Services.php(524): CodeIgniter\Config\BaseService::__callStatic('incomingrequest', [...])
13 SYSTEMPATH\Config\BaseService.php(258): CodeIgniter\Config\Services::request(Object(Config\App), false)
14 SYSTEMPATH\Config\BaseService.php(199): CodeIgniter\Config\BaseService::__callStatic('request', [...])
15 SYSTEMPATH\Config\Services.php(559): CodeIgniter\Config\BaseService::getSharedInstance('request', Object(Config\App))
16 SYSTEMPATH\Config\BaseService.php(258): CodeIgniter\Config\Services::incomingrequest(Object(Config\App))
17 SYSTEMPATH\Config\Services.php(539): CodeIgniter\Config\BaseService::__callStatic('incomingrequest', [...])
18 SYSTEMPATH\Config\BaseService.php(258): CodeIgniter\Config\Services::createRequest(Object(Config\App))
19 SYSTEMPATH\CodeIgniter.php(655): CodeIgniter\Config\BaseService::__callStatic('createRequest', [...])
20 SYSTEMPATH\CodeIgniter.php(355): CodeIgniter\CodeIgniter->getRequestObject()
21 FCPATH\index.php(79): CodeIgniter\CodeIgniter->run()
22 SYSTEMPATH\Commands\Server\rewrite.php(47): require_once('C:\\xampp\\htdocs\\roxas-ci\\public\\index.php')
CRITICAL - 2024-02-26 15:25:46 --> ErrorException: Uncaught CodeIgniter\Exceptions\ConfigException: Config\App::$baseURL " http://localhost:8080/" is not a valid URL. in C:\xampp\htdocs\roxas-ci\system\HTTP\SiteURI.php:199
Stack trace:
#0 C:\xampp\htdocs\roxas-ci\system\HTTP\SiteURI.php(145): CodeIgniter\HTTP\SiteURI->normalizeBaseURL(Object(Config\App))
#1 C:\xampp\htdocs\roxas-ci\system\HTTP\SiteURI.php(100): CodeIgniter\HTTP\SiteURI->determineBaseURL(Object(Config\App), NULL, NULL)
#2 C:\xampp\htdocs\roxas-ci\system\HTTP\SiteURIFactory.php(224): CodeIgniter\HTTP\SiteURI->__construct(Object(Config\App), 'users/add', NULL)
#3 C:\xampp\htdocs\roxas-ci\system\HTTP\SiteURIFactory.php(45): CodeIgniter\HTTP\SiteURIFactory->createURIFromRoutePath('users/add')
#4 C:\xampp\htdocs\roxas-ci\system\Config\Services.php(799): CodeIgniter\HTTP\SiteURIFactory->createFromGlobals()
#5 C:\xampp\htdocs\roxas-ci\system\Config\BaseService.php(258): CodeIgniter\Config\Services::uri(NULL, false)
#6 C:\xampp\htdocs\roxas-ci\system\Config\BaseService.php(199): CodeIgniter\Config\Bas
【Previous Exception】
CodeIgniter\Exceptions\ConfigException
Config\App::$baseURL " http://localhost:8080/" is not a valid URL.
#0 C:\xampp\htdocs\roxas-ci\system\HTTP\SiteURI.php(145): CodeIgniter\HTTP\SiteURI->normalizeBaseURL(Object(Config\App))
#1 C:\xampp\htdocs\roxas-ci\system\HTTP\SiteURI.php(100): CodeIgniter\HTTP\SiteURI->determineBaseURL(Object(Config\App), NULL, NULL)
#2 C:\xampp\htdocs\roxas-ci\system\HTTP\SiteURIFactory.php(224): CodeIgniter\HTTP\SiteURI->__construct(Object(Config\App), 'users/add', NULL)
#3 C:\xampp\htdocs\roxas-ci\system\HTTP\SiteURIFactory.php(45): CodeIgniter\HTTP\SiteURIFactory->createURIFromRoutePath('users/add')
#4 C:\xampp\htdocs\roxas-ci\system\Config\Services.php(799): CodeIgniter\HTTP\SiteURIFactory->createFromGlobals()
#5 C:\xampp\htdocs\roxas-ci\system\Config\BaseService.php(258): CodeIgniter\Config\Services::uri(NULL, false)
#6 C:\xampp\htdocs\roxas-ci\system\Config\BaseService.php(199): CodeIgniter\Config\BaseService::__callStatic('uri', Array)
#7 C:\xampp\htdocs\roxas-ci\system\Config\Services.php(792): CodeIgniter\Config\BaseService::getSharedInstance('uri', NULL)
#8 C:\xampp\htdocs\roxas-ci\system\Config\BaseService.php(258): CodeIgniter\Config\Services::uri()
#9 C:\xampp\htdocs\roxas-ci\system\Config\Services.php(566): CodeIgniter\Config\BaseService::__callStatic('uri', Array)
#10 C:\xampp\htdocs\roxas-ci\system\Config\BaseService.php(258): CodeIgniter\Config\Services::incomingrequest(Object(Config\App), false)
#11 C:\xampp\htdocs\roxas-ci\system\Config\Services.php(524): CodeIgniter\Config\BaseService::__callStatic('incomingrequest', Array)
#12 C:\xampp\htdocs\roxas-ci\system\Config\BaseService.php(258): CodeIgniter\Config\Services::request(Object(Config\App), false)
#13 C:\xampp\htdocs\roxas-ci\system\Config\BaseService.php(199): CodeIgniter\Config\BaseService::__callStatic('request', Array)
#14 C:\xampp\htdocs\roxas-ci\system\Config\Services.php(559): CodeIgniter\Config\BaseService::getSharedInstance('request', Object(Config\App))
#15 C:\xampp\htdocs\roxas-ci\system\Config\BaseService.php(258): CodeIgniter\Config\Services::incomingrequest(Object(Config\App))
#16 C:\xampp\htdocs\roxas-ci\system\Config\Services.php(539): CodeIgniter\Config\BaseService::__callStatic('incomingrequest', Array)
#17 C:\xampp\htdocs\roxas-ci\system\Config\BaseService.php(258): CodeIgniter\Config\Services::createRequest(Object(Config\App))
#18 C:\xampp\htdocs\roxas-ci\system\CodeIgniter.php(655): CodeIgniter\Config\BaseService::__callStatic('createRequest', Array)
#19 C:\xampp\htdocs\roxas-ci\system\CodeIgniter.php(355): CodeIgniter\CodeIgniter->getRequestObject()
#20 C:\xampp\htdocs\roxas-ci\public\index.php(79): CodeIgniter\CodeIgniter->run()
#21 C:\xampp\htdocs\roxas-ci\system\Commands\Server\rewrite.php(47): require_once('C:\\xampp\\htdocs...')
#22 {main}
in SYSTEMPATH\HTTP\SiteURI.php on line 199.
 1 [internal function]: CodeIgniter\Debug\Exceptions->shutdownHandler()
CRITICAL - 2024-02-26 15:25:47 --> CodeIgniter\Exceptions\ConfigException: Config\App::$baseURL " http://localhost:8080/" is not a valid URL.
in SYSTEMPATH\HTTP\SiteURI.php on line 199.
 1 SYSTEMPATH\HTTP\SiteURI.php(145): CodeIgniter\HTTP\SiteURI->normalizeBaseURL(Object(Config\App))
 2 SYSTEMPATH\HTTP\SiteURI.php(100): CodeIgniter\HTTP\SiteURI->determineBaseURL(Object(Config\App), null, null)
 3 SYSTEMPATH\HTTP\SiteURIFactory.php(224): CodeIgniter\HTTP\SiteURI->__construct(Object(Config\App), 'users/add', null)
 4 SYSTEMPATH\HTTP\SiteURIFactory.php(45): CodeIgniter\HTTP\SiteURIFactory->createURIFromRoutePath('users/add')
 5 SYSTEMPATH\Config\Services.php(799): CodeIgniter\HTTP\SiteURIFactory->createFromGlobals()
 6 SYSTEMPATH\Config\BaseService.php(258): CodeIgniter\Config\Services::uri(null, false)
 7 SYSTEMPATH\Config\BaseService.php(199): CodeIgniter\Config\BaseService::__callStatic('uri', [...])
 8 SYSTEMPATH\Config\Services.php(792): CodeIgniter\Config\BaseService::getSharedInstance('uri', null)
 9 SYSTEMPATH\Config\BaseService.php(258): CodeIgniter\Config\Services::uri()
10 SYSTEMPATH\Config\Services.php(566): CodeIgniter\Config\BaseService::__callStatic('uri', [])
11 SYSTEMPATH\Config\BaseService.php(258): CodeIgniter\Config\Services::incomingrequest(Object(Config\App), false)
12 SYSTEMPATH\Config\Services.php(524): CodeIgniter\Config\BaseService::__callStatic('incomingrequest', [...])
13 SYSTEMPATH\Config\BaseService.php(258): CodeIgniter\Config\Services::request(Object(Config\App), false)
14 SYSTEMPATH\Config\BaseService.php(199): CodeIgniter\Config\BaseService::__callStatic('request', [...])
15 SYSTEMPATH\Config\Services.php(559): CodeIgniter\Config\BaseService::getSharedInstance('request', Object(Config\App))
16 SYSTEMPATH\Config\BaseService.php(258): CodeIgniter\Config\Services::incomingrequest(Object(Config\App))
17 SYSTEMPATH\Config\Services.php(539): CodeIgniter\Config\BaseService::__callStatic('incomingrequest', [...])
18 SYSTEMPATH\Config\BaseService.php(258): CodeIgniter\Config\Services::createRequest(Object(Config\App))
19 SYSTEMPATH\CodeIgniter.php(655): CodeIgniter\Config\BaseService::__callStatic('createRequest', [...])
20 SYSTEMPATH\CodeIgniter.php(355): CodeIgniter\CodeIgniter->getRequestObject()
21 FCPATH\index.php(79): CodeIgniter\CodeIgniter->run()
22 SYSTEMPATH\Commands\Server\rewrite.php(47): require_once('C:\\xampp\\htdocs\\roxas-ci\\public\\index.php')
CRITICAL - 2024-02-26 15:25:47 --> ErrorException: Uncaught CodeIgniter\Exceptions\ConfigException: Config\App::$baseURL " http://localhost:8080/" is not a valid URL. in C:\xampp\htdocs\roxas-ci\system\HTTP\SiteURI.php:199
Stack trace:
#0 C:\xampp\htdocs\roxas-ci\system\HTTP\SiteURI.php(145): CodeIgniter\HTTP\SiteURI->normalizeBaseURL(Object(Config\App))
#1 C:\xampp\htdocs\roxas-ci\system\HTTP\SiteURI.php(100): CodeIgniter\HTTP\SiteURI->determineBaseURL(Object(Config\App), NULL, NULL)
#2 C:\xampp\htdocs\roxas-ci\system\HTTP\SiteURIFactory.php(224): CodeIgniter\HTTP\SiteURI->__construct(Object(Config\App), 'users/add', NULL)
#3 C:\xampp\htdocs\roxas-ci\system\HTTP\SiteURIFactory.php(45): CodeIgniter\HTTP\SiteURIFactory->createURIFromRoutePath('users/add')
#4 C:\xampp\htdocs\roxas-ci\system\Config\Services.php(799): CodeIgniter\HTTP\SiteURIFactory->createFromGlobals()
#5 C:\xampp\htdocs\roxas-ci\system\Config\BaseService.php(258): CodeIgniter\Config\Services::uri(NULL, false)
#6 C:\xampp\htdocs\roxas-ci\system\Config\BaseService.php(199): CodeIgniter\Config\Bas
【Previous Exception】
CodeIgniter\Exceptions\ConfigException
Config\App::$baseURL " http://localhost:8080/" is not a valid URL.
#0 C:\xampp\htdocs\roxas-ci\system\HTTP\SiteURI.php(145): CodeIgniter\HTTP\SiteURI->normalizeBaseURL(Object(Config\App))
#1 C:\xampp\htdocs\roxas-ci\system\HTTP\SiteURI.php(100): CodeIgniter\HTTP\SiteURI->determineBaseURL(Object(Config\App), NULL, NULL)
#2 C:\xampp\htdocs\roxas-ci\system\HTTP\SiteURIFactory.php(224): CodeIgniter\HTTP\SiteURI->__construct(Object(Config\App), 'users/add', NULL)
#3 C:\xampp\htdocs\roxas-ci\system\HTTP\SiteURIFactory.php(45): CodeIgniter\HTTP\SiteURIFactory->createURIFromRoutePath('users/add')
#4 C:\xampp\htdocs\roxas-ci\system\Config\Services.php(799): CodeIgniter\HTTP\SiteURIFactory->createFromGlobals()
#5 C:\xampp\htdocs\roxas-ci\system\Config\BaseService.php(258): CodeIgniter\Config\Services::uri(NULL, false)
#6 C:\xampp\htdocs\roxas-ci\system\Config\BaseService.php(199): CodeIgniter\Config\BaseService::__callStatic('uri', Array)
#7 C:\xampp\htdocs\roxas-ci\system\Config\Services.php(792): CodeIgniter\Config\BaseService::getSharedInstance('uri', NULL)
#8 C:\xampp\htdocs\roxas-ci\system\Config\BaseService.php(258): CodeIgniter\Config\Services::uri()
#9 C:\xampp\htdocs\roxas-ci\system\Config\Services.php(566): CodeIgniter\Config\BaseService::__callStatic('uri', Array)
#10 C:\xampp\htdocs\roxas-ci\system\Config\BaseService.php(258): CodeIgniter\Config\Services::incomingrequest(Object(Config\App), false)
#11 C:\xampp\htdocs\roxas-ci\system\Config\Services.php(524): CodeIgniter\Config\BaseService::__callStatic('incomingrequest', Array)
#12 C:\xampp\htdocs\roxas-ci\system\Config\BaseService.php(258): CodeIgniter\Config\Services::request(Object(Config\App), false)
#13 C:\xampp\htdocs\roxas-ci\system\Config\BaseService.php(199): CodeIgniter\Config\BaseService::__callStatic('request', Array)
#14 C:\xampp\htdocs\roxas-ci\system\Config\Services.php(559): CodeIgniter\Config\BaseService::getSharedInstance('request', Object(Config\App))
#15 C:\xampp\htdocs\roxas-ci\system\Config\BaseService.php(258): CodeIgniter\Config\Services::incomingrequest(Object(Config\App))
#16 C:\xampp\htdocs\roxas-ci\system\Config\Services.php(539): CodeIgniter\Config\BaseService::__callStatic('incomingrequest', Array)
#17 C:\xampp\htdocs\roxas-ci\system\Config\BaseService.php(258): CodeIgniter\Config\Services::createRequest(Object(Config\App))
#18 C:\xampp\htdocs\roxas-ci\system\CodeIgniter.php(655): CodeIgniter\Config\BaseService::__callStatic('createRequest', Array)
#19 C:\xampp\htdocs\roxas-ci\system\CodeIgniter.php(355): CodeIgniter\CodeIgniter->getRequestObject()
#20 C:\xampp\htdocs\roxas-ci\public\index.php(79): CodeIgniter\CodeIgniter->run()
#21 C:\xampp\htdocs\roxas-ci\system\Commands\Server\rewrite.php(47): require_once('C:\\xampp\\htdocs...')
#22 {main}
in SYSTEMPATH\HTTP\SiteURI.php on line 199.
 1 [internal function]: CodeIgniter\Debug\Exceptions->shutdownHandler()
CRITICAL - 2024-02-26 15:25:48 --> CodeIgniter\Exceptions\ConfigException: Config\App::$baseURL " http://localhost:8080/" is not a valid URL.
in SYSTEMPATH\HTTP\SiteURI.php on line 199.
 1 SYSTEMPATH\HTTP\SiteURI.php(145): CodeIgniter\HTTP\SiteURI->normalizeBaseURL(Object(Config\App))
 2 SYSTEMPATH\HTTP\SiteURI.php(100): CodeIgniter\HTTP\SiteURI->determineBaseURL(Object(Config\App), null, null)
 3 SYSTEMPATH\HTTP\SiteURIFactory.php(224): CodeIgniter\HTTP\SiteURI->__construct(Object(Config\App), 'users/add', null)
 4 SYSTEMPATH\HTTP\SiteURIFactory.php(45): CodeIgniter\HTTP\SiteURIFactory->createURIFromRoutePath('users/add')
 5 SYSTEMPATH\Config\Services.php(799): CodeIgniter\HTTP\SiteURIFactory->createFromGlobals()
 6 SYSTEMPATH\Config\BaseService.php(258): CodeIgniter\Config\Services::uri(null, false)
 7 SYSTEMPATH\Config\BaseService.php(199): CodeIgniter\Config\BaseService::__callStatic('uri', [...])
 8 SYSTEMPATH\Config\Services.php(792): CodeIgniter\Config\BaseService::getSharedInstance('uri', null)
 9 SYSTEMPATH\Config\BaseService.php(258): CodeIgniter\Config\Services::uri()
10 SYSTEMPATH\Config\Services.php(566): CodeIgniter\Config\BaseService::__callStatic('uri', [])
11 SYSTEMPATH\Config\BaseService.php(258): CodeIgniter\Config\Services::incomingrequest(Object(Config\App), false)
12 SYSTEMPATH\Config\Services.php(524): CodeIgniter\Config\BaseService::__callStatic('incomingrequest', [...])
13 SYSTEMPATH\Config\BaseService.php(258): CodeIgniter\Config\Services::request(Object(Config\App), false)
14 SYSTEMPATH\Config\BaseService.php(199): CodeIgniter\Config\BaseService::__callStatic('request', [...])
15 SYSTEMPATH\Config\Services.php(559): CodeIgniter\Config\BaseService::getSharedInstance('request', Object(Config\App))
16 SYSTEMPATH\Config\BaseService.php(258): CodeIgniter\Config\Services::incomingrequest(Object(Config\App))
17 SYSTEMPATH\Config\Services.php(539): CodeIgniter\Config\BaseService::__callStatic('incomingrequest', [...])
18 SYSTEMPATH\Config\BaseService.php(258): CodeIgniter\Config\Services::createRequest(Object(Config\App))
19 SYSTEMPATH\CodeIgniter.php(655): CodeIgniter\Config\BaseService::__callStatic('createRequest', [...])
20 SYSTEMPATH\CodeIgniter.php(355): CodeIgniter\CodeIgniter->getRequestObject()
21 FCPATH\index.php(79): CodeIgniter\CodeIgniter->run()
22 SYSTEMPATH\Commands\Server\rewrite.php(47): require_once('C:\\xampp\\htdocs\\roxas-ci\\public\\index.php')
CRITICAL - 2024-02-26 15:25:48 --> ErrorException: Uncaught CodeIgniter\Exceptions\ConfigException: Config\App::$baseURL " http://localhost:8080/" is not a valid URL. in C:\xampp\htdocs\roxas-ci\system\HTTP\SiteURI.php:199
Stack trace:
#0 C:\xampp\htdocs\roxas-ci\system\HTTP\SiteURI.php(145): CodeIgniter\HTTP\SiteURI->normalizeBaseURL(Object(Config\App))
#1 C:\xampp\htdocs\roxas-ci\system\HTTP\SiteURI.php(100): CodeIgniter\HTTP\SiteURI->determineBaseURL(Object(Config\App), NULL, NULL)
#2 C:\xampp\htdocs\roxas-ci\system\HTTP\SiteURIFactory.php(224): CodeIgniter\HTTP\SiteURI->__construct(Object(Config\App), 'users/add', NULL)
#3 C:\xampp\htdocs\roxas-ci\system\HTTP\SiteURIFactory.php(45): CodeIgniter\HTTP\SiteURIFactory->createURIFromRoutePath('users/add')
#4 C:\xampp\htdocs\roxas-ci\system\Config\Services.php(799): CodeIgniter\HTTP\SiteURIFactory->createFromGlobals()
#5 C:\xampp\htdocs\roxas-ci\system\Config\BaseService.php(258): CodeIgniter\Config\Services::uri(NULL, false)
#6 C:\xampp\htdocs\roxas-ci\system\Config\BaseService.php(199): CodeIgniter\Config\Bas
【Previous Exception】
CodeIgniter\Exceptions\ConfigException
Config\App::$baseURL " http://localhost:8080/" is not a valid URL.
#0 C:\xampp\htdocs\roxas-ci\system\HTTP\SiteURI.php(145): CodeIgniter\HTTP\SiteURI->normalizeBaseURL(Object(Config\App))
#1 C:\xampp\htdocs\roxas-ci\system\HTTP\SiteURI.php(100): CodeIgniter\HTTP\SiteURI->determineBaseURL(Object(Config\App), NULL, NULL)
#2 C:\xampp\htdocs\roxas-ci\system\HTTP\SiteURIFactory.php(224): CodeIgniter\HTTP\SiteURI->__construct(Object(Config\App), 'users/add', NULL)
#3 C:\xampp\htdocs\roxas-ci\system\HTTP\SiteURIFactory.php(45): CodeIgniter\HTTP\SiteURIFactory->createURIFromRoutePath('users/add')
#4 C:\xampp\htdocs\roxas-ci\system\Config\Services.php(799): CodeIgniter\HTTP\SiteURIFactory->createFromGlobals()
#5 C:\xampp\htdocs\roxas-ci\system\Config\BaseService.php(258): CodeIgniter\Config\Services::uri(NULL, false)
#6 C:\xampp\htdocs\roxas-ci\system\Config\BaseService.php(199): CodeIgniter\Config\BaseService::__callStatic('uri', Array)
#7 C:\xampp\htdocs\roxas-ci\system\Config\Services.php(792): CodeIgniter\Config\BaseService::getSharedInstance('uri', NULL)
#8 C:\xampp\htdocs\roxas-ci\system\Config\BaseService.php(258): CodeIgniter\Config\Services::uri()
#9 C:\xampp\htdocs\roxas-ci\system\Config\Services.php(566): CodeIgniter\Config\BaseService::__callStatic('uri', Array)
#10 C:\xampp\htdocs\roxas-ci\system\Config\BaseService.php(258): CodeIgniter\Config\Services::incomingrequest(Object(Config\App), false)
#11 C:\xampp\htdocs\roxas-ci\system\Config\Services.php(524): CodeIgniter\Config\BaseService::__callStatic('incomingrequest', Array)
#12 C:\xampp\htdocs\roxas-ci\system\Config\BaseService.php(258): CodeIgniter\Config\Services::request(Object(Config\App), false)
#13 C:\xampp\htdocs\roxas-ci\system\Config\BaseService.php(199): CodeIgniter\Config\BaseService::__callStatic('request', Array)
#14 C:\xampp\htdocs\roxas-ci\system\Config\Services.php(559): CodeIgniter\Config\BaseService::getSharedInstance('request', Object(Config\App))
#15 C:\xampp\htdocs\roxas-ci\system\Config\BaseService.php(258): CodeIgniter\Config\Services::incomingrequest(Object(Config\App))
#16 C:\xampp\htdocs\roxas-ci\system\Config\Services.php(539): CodeIgniter\Config\BaseService::__callStatic('incomingrequest', Array)
#17 C:\xampp\htdocs\roxas-ci\system\Config\BaseService.php(258): CodeIgniter\Config\Services::createRequest(Object(Config\App))
#18 C:\xampp\htdocs\roxas-ci\system\CodeIgniter.php(655): CodeIgniter\Config\BaseService::__callStatic('createRequest', Array)
#19 C:\xampp\htdocs\roxas-ci\system\CodeIgniter.php(355): CodeIgniter\CodeIgniter->getRequestObject()
#20 C:\xampp\htdocs\roxas-ci\public\index.php(79): CodeIgniter\CodeIgniter->run()
#21 C:\xampp\htdocs\roxas-ci\system\Commands\Server\rewrite.php(47): require_once('C:\\xampp\\htdocs...')
#22 {main}
in SYSTEMPATH\HTTP\SiteURI.php on line 199.
 1 [internal function]: CodeIgniter\Debug\Exceptions->shutdownHandler()
CRITICAL - 2024-02-26 15:25:48 --> CodeIgniter\Exceptions\ConfigException: Config\App::$baseURL " http://localhost:8080/" is not a valid URL.
in SYSTEMPATH\HTTP\SiteURI.php on line 199.
 1 SYSTEMPATH\HTTP\SiteURI.php(145): CodeIgniter\HTTP\SiteURI->normalizeBaseURL(Object(Config\App))
 2 SYSTEMPATH\HTTP\SiteURI.php(100): CodeIgniter\HTTP\SiteURI->determineBaseURL(Object(Config\App), null, null)
 3 SYSTEMPATH\HTTP\SiteURIFactory.php(224): CodeIgniter\HTTP\SiteURI->__construct(Object(Config\App), 'users/add', null)
 4 SYSTEMPATH\HTTP\SiteURIFactory.php(45): CodeIgniter\HTTP\SiteURIFactory->createURIFromRoutePath('users/add')
 5 SYSTEMPATH\Config\Services.php(799): CodeIgniter\HTTP\SiteURIFactory->createFromGlobals()
 6 SYSTEMPATH\Config\BaseService.php(258): CodeIgniter\Config\Services::uri(null, false)
 7 SYSTEMPATH\Config\BaseService.php(199): CodeIgniter\Config\BaseService::__callStatic('uri', [...])
 8 SYSTEMPATH\Config\Services.php(792): CodeIgniter\Config\BaseService::getSharedInstance('uri', null)
 9 SYSTEMPATH\Config\BaseService.php(258): CodeIgniter\Config\Services::uri()
10 SYSTEMPATH\Config\Services.php(566): CodeIgniter\Config\BaseService::__callStatic('uri', [])
11 SYSTEMPATH\Config\BaseService.php(258): CodeIgniter\Config\Services::incomingrequest(Object(Config\App), false)
12 SYSTEMPATH\Config\Services.php(524): CodeIgniter\Config\BaseService::__callStatic('incomingrequest', [...])
13 SYSTEMPATH\Config\BaseService.php(258): CodeIgniter\Config\Services::request(Object(Config\App), false)
14 SYSTEMPATH\Config\BaseService.php(199): CodeIgniter\Config\BaseService::__callStatic('request', [...])
15 SYSTEMPATH\Config\Services.php(559): CodeIgniter\Config\BaseService::getSharedInstance('request', Object(Config\App))
16 SYSTEMPATH\Config\BaseService.php(258): CodeIgniter\Config\Services::incomingrequest(Object(Config\App))
17 SYSTEMPATH\Config\Services.php(539): CodeIgniter\Config\BaseService::__callStatic('incomingrequest', [...])
18 SYSTEMPATH\Config\BaseService.php(258): CodeIgniter\Config\Services::createRequest(Object(Config\App))
19 SYSTEMPATH\CodeIgniter.php(655): CodeIgniter\Config\BaseService::__callStatic('createRequest', [...])
20 SYSTEMPATH\CodeIgniter.php(355): CodeIgniter\CodeIgniter->getRequestObject()
21 FCPATH\index.php(79): CodeIgniter\CodeIgniter->run()
22 SYSTEMPATH\Commands\Server\rewrite.php(47): require_once('C:\\xampp\\htdocs\\roxas-ci\\public\\index.php')
CRITICAL - 2024-02-26 15:25:48 --> ErrorException: Uncaught CodeIgniter\Exceptions\ConfigException: Config\App::$baseURL " http://localhost:8080/" is not a valid URL. in C:\xampp\htdocs\roxas-ci\system\HTTP\SiteURI.php:199
Stack trace:
#0 C:\xampp\htdocs\roxas-ci\system\HTTP\SiteURI.php(145): CodeIgniter\HTTP\SiteURI->normalizeBaseURL(Object(Config\App))
#1 C:\xampp\htdocs\roxas-ci\system\HTTP\SiteURI.php(100): CodeIgniter\HTTP\SiteURI->determineBaseURL(Object(Config\App), NULL, NULL)
#2 C:\xampp\htdocs\roxas-ci\system\HTTP\SiteURIFactory.php(224): CodeIgniter\HTTP\SiteURI->__construct(Object(Config\App), 'users/add', NULL)
#3 C:\xampp\htdocs\roxas-ci\system\HTTP\SiteURIFactory.php(45): CodeIgniter\HTTP\SiteURIFactory->createURIFromRoutePath('users/add')
#4 C:\xampp\htdocs\roxas-ci\system\Config\Services.php(799): CodeIgniter\HTTP\SiteURIFactory->createFromGlobals()
#5 C:\xampp\htdocs\roxas-ci\system\Config\BaseService.php(258): CodeIgniter\Config\Services::uri(NULL, false)
#6 C:\xampp\htdocs\roxas-ci\system\Config\BaseService.php(199): CodeIgniter\Config\Bas
【Previous Exception】
CodeIgniter\Exceptions\ConfigException
Config\App::$baseURL " http://localhost:8080/" is not a valid URL.
#0 C:\xampp\htdocs\roxas-ci\system\HTTP\SiteURI.php(145): CodeIgniter\HTTP\SiteURI->normalizeBaseURL(Object(Config\App))
#1 C:\xampp\htdocs\roxas-ci\system\HTTP\SiteURI.php(100): CodeIgniter\HTTP\SiteURI->determineBaseURL(Object(Config\App), NULL, NULL)
#2 C:\xampp\htdocs\roxas-ci\system\HTTP\SiteURIFactory.php(224): CodeIgniter\HTTP\SiteURI->__construct(Object(Config\App), 'users/add', NULL)
#3 C:\xampp\htdocs\roxas-ci\system\HTTP\SiteURIFactory.php(45): CodeIgniter\HTTP\SiteURIFactory->createURIFromRoutePath('users/add')
#4 C:\xampp\htdocs\roxas-ci\system\Config\Services.php(799): CodeIgniter\HTTP\SiteURIFactory->createFromGlobals()
#5 C:\xampp\htdocs\roxas-ci\system\Config\BaseService.php(258): CodeIgniter\Config\Services::uri(NULL, false)
#6 C:\xampp\htdocs\roxas-ci\system\Config\BaseService.php(199): CodeIgniter\Config\BaseService::__callStatic('uri', Array)
#7 C:\xampp\htdocs\roxas-ci\system\Config\Services.php(792): CodeIgniter\Config\BaseService::getSharedInstance('uri', NULL)
#8 C:\xampp\htdocs\roxas-ci\system\Config\BaseService.php(258): CodeIgniter\Config\Services::uri()
#9 C:\xampp\htdocs\roxas-ci\system\Config\Services.php(566): CodeIgniter\Config\BaseService::__callStatic('uri', Array)
#10 C:\xampp\htdocs\roxas-ci\system\Config\BaseService.php(258): CodeIgniter\Config\Services::incomingrequest(Object(Config\App), false)
#11 C:\xampp\htdocs\roxas-ci\system\Config\Services.php(524): CodeIgniter\Config\BaseService::__callStatic('incomingrequest', Array)
#12 C:\xampp\htdocs\roxas-ci\system\Config\BaseService.php(258): CodeIgniter\Config\Services::request(Object(Config\App), false)
#13 C:\xampp\htdocs\roxas-ci\system\Config\BaseService.php(199): CodeIgniter\Config\BaseService::__callStatic('request', Array)
#14 C:\xampp\htdocs\roxas-ci\system\Config\Services.php(559): CodeIgniter\Config\BaseService::getSharedInstance('request', Object(Config\App))
#15 C:\xampp\htdocs\roxas-ci\system\Config\BaseService.php(258): CodeIgniter\Config\Services::incomingrequest(Object(Config\App))
#16 C:\xampp\htdocs\roxas-ci\system\Config\Services.php(539): CodeIgniter\Config\BaseService::__callStatic('incomingrequest', Array)
#17 C:\xampp\htdocs\roxas-ci\system\Config\BaseService.php(258): CodeIgniter\Config\Services::createRequest(Object(Config\App))
#18 C:\xampp\htdocs\roxas-ci\system\CodeIgniter.php(655): CodeIgniter\Config\BaseService::__callStatic('createRequest', Array)
#19 C:\xampp\htdocs\roxas-ci\system\CodeIgniter.php(355): CodeIgniter\CodeIgniter->getRequestObject()
#20 C:\xampp\htdocs\roxas-ci\public\index.php(79): CodeIgniter\CodeIgniter->run()
#21 C:\xampp\htdocs\roxas-ci\system\Commands\Server\rewrite.php(47): require_once('C:\\xampp\\htdocs...')
#22 {main}
in SYSTEMPATH\HTTP\SiteURI.php on line 199.
 1 [internal function]: CodeIgniter\Debug\Exceptions->shutdownHandler()
CRITICAL - 2024-02-26 15:25:48 --> CodeIgniter\Exceptions\ConfigException: Config\App::$baseURL " http://localhost:8080/" is not a valid URL.
in SYSTEMPATH\HTTP\SiteURI.php on line 199.
 1 SYSTEMPATH\HTTP\SiteURI.php(145): CodeIgniter\HTTP\SiteURI->normalizeBaseURL(Object(Config\App))
 2 SYSTEMPATH\HTTP\SiteURI.php(100): CodeIgniter\HTTP\SiteURI->determineBaseURL(Object(Config\App), null, null)
 3 SYSTEMPATH\HTTP\SiteURIFactory.php(224): CodeIgniter\HTTP\SiteURI->__construct(Object(Config\App), 'users/add', null)
 4 SYSTEMPATH\HTTP\SiteURIFactory.php(45): CodeIgniter\HTTP\SiteURIFactory->createURIFromRoutePath('users/add')
 5 SYSTEMPATH\Config\Services.php(799): CodeIgniter\HTTP\SiteURIFactory->createFromGlobals()
 6 SYSTEMPATH\Config\BaseService.php(258): CodeIgniter\Config\Services::uri(null, false)
 7 SYSTEMPATH\Config\BaseService.php(199): CodeIgniter\Config\BaseService::__callStatic('uri', [...])
 8 SYSTEMPATH\Config\Services.php(792): CodeIgniter\Config\BaseService::getSharedInstance('uri', null)
 9 SYSTEMPATH\Config\BaseService.php(258): CodeIgniter\Config\Services::uri()
10 SYSTEMPATH\Config\Services.php(566): CodeIgniter\Config\BaseService::__callStatic('uri', [])
11 SYSTEMPATH\Config\BaseService.php(258): CodeIgniter\Config\Services::incomingrequest(Object(Config\App), false)
12 SYSTEMPATH\Config\Services.php(524): CodeIgniter\Config\BaseService::__callStatic('incomingrequest', [...])
13 SYSTEMPATH\Config\BaseService.php(258): CodeIgniter\Config\Services::request(Object(Config\App), false)
14 SYSTEMPATH\Config\BaseService.php(199): CodeIgniter\Config\BaseService::__callStatic('request', [...])
15 SYSTEMPATH\Config\Services.php(559): CodeIgniter\Config\BaseService::getSharedInstance('request', Object(Config\App))
16 SYSTEMPATH\Config\BaseService.php(258): CodeIgniter\Config\Services::incomingrequest(Object(Config\App))
17 SYSTEMPATH\Config\Services.php(539): CodeIgniter\Config\BaseService::__callStatic('incomingrequest', [...])
18 SYSTEMPATH\Config\BaseService.php(258): CodeIgniter\Config\Services::createRequest(Object(Config\App))
19 SYSTEMPATH\CodeIgniter.php(655): CodeIgniter\Config\BaseService::__callStatic('createRequest', [...])
20 SYSTEMPATH\CodeIgniter.php(355): CodeIgniter\CodeIgniter->getRequestObject()
21 FCPATH\index.php(79): CodeIgniter\CodeIgniter->run()
22 SYSTEMPATH\Commands\Server\rewrite.php(47): require_once('C:\\xampp\\htdocs\\roxas-ci\\public\\index.php')
CRITICAL - 2024-02-26 15:25:48 --> ErrorException: Uncaught CodeIgniter\Exceptions\ConfigException: Config\App::$baseURL " http://localhost:8080/" is not a valid URL. in C:\xampp\htdocs\roxas-ci\system\HTTP\SiteURI.php:199
Stack trace:
#0 C:\xampp\htdocs\roxas-ci\system\HTTP\SiteURI.php(145): CodeIgniter\HTTP\SiteURI->normalizeBaseURL(Object(Config\App))
#1 C:\xampp\htdocs\roxas-ci\system\HTTP\SiteURI.php(100): CodeIgniter\HTTP\SiteURI->determineBaseURL(Object(Config\App), NULL, NULL)
#2 C:\xampp\htdocs\roxas-ci\system\HTTP\SiteURIFactory.php(224): CodeIgniter\HTTP\SiteURI->__construct(Object(Config\App), 'users/add', NULL)
#3 C:\xampp\htdocs\roxas-ci\system\HTTP\SiteURIFactory.php(45): CodeIgniter\HTTP\SiteURIFactory->createURIFromRoutePath('users/add')
#4 C:\xampp\htdocs\roxas-ci\system\Config\Services.php(799): CodeIgniter\HTTP\SiteURIFactory->createFromGlobals()
#5 C:\xampp\htdocs\roxas-ci\system\Config\BaseService.php(258): CodeIgniter\Config\Services::uri(NULL, false)
#6 C:\xampp\htdocs\roxas-ci\system\Config\BaseService.php(199): CodeIgniter\Config\Bas
【Previous Exception】
CodeIgniter\Exceptions\ConfigException
Config\App::$baseURL " http://localhost:8080/" is not a valid URL.
#0 C:\xampp\htdocs\roxas-ci\system\HTTP\SiteURI.php(145): CodeIgniter\HTTP\SiteURI->normalizeBaseURL(Object(Config\App))
#1 C:\xampp\htdocs\roxas-ci\system\HTTP\SiteURI.php(100): CodeIgniter\HTTP\SiteURI->determineBaseURL(Object(Config\App), NULL, NULL)
#2 C:\xampp\htdocs\roxas-ci\system\HTTP\SiteURIFactory.php(224): CodeIgniter\HTTP\SiteURI->__construct(Object(Config\App), 'users/add', NULL)
#3 C:\xampp\htdocs\roxas-ci\system\HTTP\SiteURIFactory.php(45): CodeIgniter\HTTP\SiteURIFactory->createURIFromRoutePath('users/add')
#4 C:\xampp\htdocs\roxas-ci\system\Config\Services.php(799): CodeIgniter\HTTP\SiteURIFactory->createFromGlobals()
#5 C:\xampp\htdocs\roxas-ci\system\Config\BaseService.php(258): CodeIgniter\Config\Services::uri(NULL, false)
#6 C:\xampp\htdocs\roxas-ci\system\Config\BaseService.php(199): CodeIgniter\Config\BaseService::__callStatic('uri', Array)
#7 C:\xampp\htdocs\roxas-ci\system\Config\Services.php(792): CodeIgniter\Config\BaseService::getSharedInstance('uri', NULL)
#8 C:\xampp\htdocs\roxas-ci\system\Config\BaseService.php(258): CodeIgniter\Config\Services::uri()
#9 C:\xampp\htdocs\roxas-ci\system\Config\Services.php(566): CodeIgniter\Config\BaseService::__callStatic('uri', Array)
#10 C:\xampp\htdocs\roxas-ci\system\Config\BaseService.php(258): CodeIgniter\Config\Services::incomingrequest(Object(Config\App), false)
#11 C:\xampp\htdocs\roxas-ci\system\Config\Services.php(524): CodeIgniter\Config\BaseService::__callStatic('incomingrequest', Array)
#12 C:\xampp\htdocs\roxas-ci\system\Config\BaseService.php(258): CodeIgniter\Config\Services::request(Object(Config\App), false)
#13 C:\xampp\htdocs\roxas-ci\system\Config\BaseService.php(199): CodeIgniter\Config\BaseService::__callStatic('request', Array)
#14 C:\xampp\htdocs\roxas-ci\system\Config\Services.php(559): CodeIgniter\Config\BaseService::getSharedInstance('request', Object(Config\App))
#15 C:\xampp\htdocs\roxas-ci\system\Config\BaseService.php(258): CodeIgniter\Config\Services::incomingrequest(Object(Config\App))
#16 C:\xampp\htdocs\roxas-ci\system\Config\Services.php(539): CodeIgniter\Config\BaseService::__callStatic('incomingrequest', Array)
#17 C:\xampp\htdocs\roxas-ci\system\Config\BaseService.php(258): CodeIgniter\Config\Services::createRequest(Object(Config\App))
#18 C:\xampp\htdocs\roxas-ci\system\CodeIgniter.php(655): CodeIgniter\Config\BaseService::__callStatic('createRequest', Array)
#19 C:\xampp\htdocs\roxas-ci\system\CodeIgniter.php(355): CodeIgniter\CodeIgniter->getRequestObject()
#20 C:\xampp\htdocs\roxas-ci\public\index.php(79): CodeIgniter\CodeIgniter->run()
#21 C:\xampp\htdocs\roxas-ci\system\Commands\Server\rewrite.php(47): require_once('C:\\xampp\\htdocs...')
#22 {main}
in SYSTEMPATH\HTTP\SiteURI.php on line 199.
 1 [internal function]: CodeIgniter\Debug\Exceptions->shutdownHandler()
CRITICAL - 2024-02-26 15:25:50 --> CodeIgniter\Exceptions\ConfigException: Config\App::$baseURL " http://localhost:8080/" is not a valid URL.
in SYSTEMPATH\HTTP\SiteURI.php on line 199.
 1 SYSTEMPATH\HTTP\SiteURI.php(145): CodeIgniter\HTTP\SiteURI->normalizeBaseURL(Object(Config\App))
 2 SYSTEMPATH\HTTP\SiteURI.php(100): CodeIgniter\HTTP\SiteURI->determineBaseURL(Object(Config\App), null, null)
 3 SYSTEMPATH\HTTP\SiteURIFactory.php(224): CodeIgniter\HTTP\SiteURI->__construct(Object(Config\App), 'users/add', null)
 4 SYSTEMPATH\HTTP\SiteURIFactory.php(45): CodeIgniter\HTTP\SiteURIFactory->createURIFromRoutePath('users/add')
 5 SYSTEMPATH\Config\Services.php(799): CodeIgniter\HTTP\SiteURIFactory->createFromGlobals()
 6 SYSTEMPATH\Config\BaseService.php(258): CodeIgniter\Config\Services::uri(null, false)
 7 SYSTEMPATH\Config\BaseService.php(199): CodeIgniter\Config\BaseService::__callStatic('uri', [...])
 8 SYSTEMPATH\Config\Services.php(792): CodeIgniter\Config\BaseService::getSharedInstance('uri', null)
 9 SYSTEMPATH\Config\BaseService.php(258): CodeIgniter\Config\Services::uri()
10 SYSTEMPATH\Config\Services.php(566): CodeIgniter\Config\BaseService::__callStatic('uri', [])
11 SYSTEMPATH\Config\BaseService.php(258): CodeIgniter\Config\Services::incomingrequest(Object(Config\App), false)
12 SYSTEMPATH\Config\Services.php(524): CodeIgniter\Config\BaseService::__callStatic('incomingrequest', [...])
13 SYSTEMPATH\Config\BaseService.php(258): CodeIgniter\Config\Services::request(Object(Config\App), false)
14 SYSTEMPATH\Config\BaseService.php(199): CodeIgniter\Config\BaseService::__callStatic('request', [...])
15 SYSTEMPATH\Config\Services.php(559): CodeIgniter\Config\BaseService::getSharedInstance('request', Object(Config\App))
16 SYSTEMPATH\Config\BaseService.php(258): CodeIgniter\Config\Services::incomingrequest(Object(Config\App))
17 SYSTEMPATH\Config\Services.php(539): CodeIgniter\Config\BaseService::__callStatic('incomingrequest', [...])
18 SYSTEMPATH\Config\BaseService.php(258): CodeIgniter\Config\Services::createRequest(Object(Config\App))
19 SYSTEMPATH\CodeIgniter.php(655): CodeIgniter\Config\BaseService::__callStatic('createRequest', [...])
20 SYSTEMPATH\CodeIgniter.php(355): CodeIgniter\CodeIgniter->getRequestObject()
21 FCPATH\index.php(79): CodeIgniter\CodeIgniter->run()
22 SYSTEMPATH\Commands\Server\rewrite.php(47): require_once('C:\\xampp\\htdocs\\roxas-ci\\public\\index.php')
CRITICAL - 2024-02-26 15:25:50 --> ErrorException: Uncaught CodeIgniter\Exceptions\ConfigException: Config\App::$baseURL " http://localhost:8080/" is not a valid URL. in C:\xampp\htdocs\roxas-ci\system\HTTP\SiteURI.php:199
Stack trace:
#0 C:\xampp\htdocs\roxas-ci\system\HTTP\SiteURI.php(145): CodeIgniter\HTTP\SiteURI->normalizeBaseURL(Object(Config\App))
#1 C:\xampp\htdocs\roxas-ci\system\HTTP\SiteURI.php(100): CodeIgniter\HTTP\SiteURI->determineBaseURL(Object(Config\App), NULL, NULL)
#2 C:\xampp\htdocs\roxas-ci\system\HTTP\SiteURIFactory.php(224): CodeIgniter\HTTP\SiteURI->__construct(Object(Config\App), 'users/add', NULL)
#3 C:\xampp\htdocs\roxas-ci\system\HTTP\SiteURIFactory.php(45): CodeIgniter\HTTP\SiteURIFactory->createURIFromRoutePath('users/add')
#4 C:\xampp\htdocs\roxas-ci\system\Config\Services.php(799): CodeIgniter\HTTP\SiteURIFactory->createFromGlobals()
#5 C:\xampp\htdocs\roxas-ci\system\Config\BaseService.php(258): CodeIgniter\Config\Services::uri(NULL, false)
#6 C:\xampp\htdocs\roxas-ci\system\Config\BaseService.php(199): CodeIgniter\Config\Bas
【Previous Exception】
CodeIgniter\Exceptions\ConfigException
Config\App::$baseURL " http://localhost:8080/" is not a valid URL.
#0 C:\xampp\htdocs\roxas-ci\system\HTTP\SiteURI.php(145): CodeIgniter\HTTP\SiteURI->normalizeBaseURL(Object(Config\App))
#1 C:\xampp\htdocs\roxas-ci\system\HTTP\SiteURI.php(100): CodeIgniter\HTTP\SiteURI->determineBaseURL(Object(Config\App), NULL, NULL)
#2 C:\xampp\htdocs\roxas-ci\system\HTTP\SiteURIFactory.php(224): CodeIgniter\HTTP\SiteURI->__construct(Object(Config\App), 'users/add', NULL)
#3 C:\xampp\htdocs\roxas-ci\system\HTTP\SiteURIFactory.php(45): CodeIgniter\HTTP\SiteURIFactory->createURIFromRoutePath('users/add')
#4 C:\xampp\htdocs\roxas-ci\system\Config\Services.php(799): CodeIgniter\HTTP\SiteURIFactory->createFromGlobals()
#5 C:\xampp\htdocs\roxas-ci\system\Config\BaseService.php(258): CodeIgniter\Config\Services::uri(NULL, false)
#6 C:\xampp\htdocs\roxas-ci\system\Config\BaseService.php(199): CodeIgniter\Config\BaseService::__callStatic('uri', Array)
#7 C:\xampp\htdocs\roxas-ci\system\Config\Services.php(792): CodeIgniter\Config\BaseService::getSharedInstance('uri', NULL)
#8 C:\xampp\htdocs\roxas-ci\system\Config\BaseService.php(258): CodeIgniter\Config\Services::uri()
#9 C:\xampp\htdocs\roxas-ci\system\Config\Services.php(566): CodeIgniter\Config\BaseService::__callStatic('uri', Array)
#10 C:\xampp\htdocs\roxas-ci\system\Config\BaseService.php(258): CodeIgniter\Config\Services::incomingrequest(Object(Config\App), false)
#11 C:\xampp\htdocs\roxas-ci\system\Config\Services.php(524): CodeIgniter\Config\BaseService::__callStatic('incomingrequest', Array)
#12 C:\xampp\htdocs\roxas-ci\system\Config\BaseService.php(258): CodeIgniter\Config\Services::request(Object(Config\App), false)
#13 C:\xampp\htdocs\roxas-ci\system\Config\BaseService.php(199): CodeIgniter\Config\BaseService::__callStatic('request', Array)
#14 C:\xampp\htdocs\roxas-ci\system\Config\Services.php(559): CodeIgniter\Config\BaseService::getSharedInstance('request', Object(Config\App))
#15 C:\xampp\htdocs\roxas-ci\system\Config\BaseService.php(258): CodeIgniter\Config\Services::incomingrequest(Object(Config\App))
#16 C:\xampp\htdocs\roxas-ci\system\Config\Services.php(539): CodeIgniter\Config\BaseService::__callStatic('incomingrequest', Array)
#17 C:\xampp\htdocs\roxas-ci\system\Config\BaseService.php(258): CodeIgniter\Config\Services::createRequest(Object(Config\App))
#18 C:\xampp\htdocs\roxas-ci\system\CodeIgniter.php(655): CodeIgniter\Config\BaseService::__callStatic('createRequest', Array)
#19 C:\xampp\htdocs\roxas-ci\system\CodeIgniter.php(355): CodeIgniter\CodeIgniter->getRequestObject()
#20 C:\xampp\htdocs\roxas-ci\public\index.php(79): CodeIgniter\CodeIgniter->run()
#21 C:\xampp\htdocs\roxas-ci\system\Commands\Server\rewrite.php(47): require_once('C:\\xampp\\htdocs...')
#22 {main}
in SYSTEMPATH\HTTP\SiteURI.php on line 199.
 1 [internal function]: CodeIgniter\Debug\Exceptions->shutdownHandler()
CRITICAL - 2024-02-26 15:25:53 --> CodeIgniter\Exceptions\ConfigException: Config\App::$baseURL " http://localhost:8080/" is not a valid URL.
in SYSTEMPATH\HTTP\SiteURI.php on line 199.
 1 SYSTEMPATH\HTTP\SiteURI.php(145): CodeIgniter\HTTP\SiteURI->normalizeBaseURL(Object(Config\App))
 2 SYSTEMPATH\HTTP\SiteURI.php(100): CodeIgniter\HTTP\SiteURI->determineBaseURL(Object(Config\App), null, null)
 3 SYSTEMPATH\HTTP\SiteURIFactory.php(224): CodeIgniter\HTTP\SiteURI->__construct(Object(Config\App), 'users/add', null)
 4 SYSTEMPATH\HTTP\SiteURIFactory.php(45): CodeIgniter\HTTP\SiteURIFactory->createURIFromRoutePath('users/add')
 5 SYSTEMPATH\Config\Services.php(799): CodeIgniter\HTTP\SiteURIFactory->createFromGlobals()
 6 SYSTEMPATH\Config\BaseService.php(258): CodeIgniter\Config\Services::uri(null, false)
 7 SYSTEMPATH\Config\BaseService.php(199): CodeIgniter\Config\BaseService::__callStatic('uri', [...])
 8 SYSTEMPATH\Config\Services.php(792): CodeIgniter\Config\BaseService::getSharedInstance('uri', null)
 9 SYSTEMPATH\Config\BaseService.php(258): CodeIgniter\Config\Services::uri()
10 SYSTEMPATH\Config\Services.php(566): CodeIgniter\Config\BaseService::__callStatic('uri', [])
11 SYSTEMPATH\Config\BaseService.php(258): CodeIgniter\Config\Services::incomingrequest(Object(Config\App), false)
12 SYSTEMPATH\Config\Services.php(524): CodeIgniter\Config\BaseService::__callStatic('incomingrequest', [...])
13 SYSTEMPATH\Config\BaseService.php(258): CodeIgniter\Config\Services::request(Object(Config\App), false)
14 SYSTEMPATH\Config\BaseService.php(199): CodeIgniter\Config\BaseService::__callStatic('request', [...])
15 SYSTEMPATH\Config\Services.php(559): CodeIgniter\Config\BaseService::getSharedInstance('request', Object(Config\App))
16 SYSTEMPATH\Config\BaseService.php(258): CodeIgniter\Config\Services::incomingrequest(Object(Config\App))
17 SYSTEMPATH\Config\Services.php(539): CodeIgniter\Config\BaseService::__callStatic('incomingrequest', [...])
18 SYSTEMPATH\Config\BaseService.php(258): CodeIgniter\Config\Services::createRequest(Object(Config\App))
19 SYSTEMPATH\CodeIgniter.php(655): CodeIgniter\Config\BaseService::__callStatic('createRequest', [...])
20 SYSTEMPATH\CodeIgniter.php(355): CodeIgniter\CodeIgniter->getRequestObject()
21 FCPATH\index.php(79): CodeIgniter\CodeIgniter->run()
22 SYSTEMPATH\Commands\Server\rewrite.php(47): require_once('C:\\xampp\\htdocs\\roxas-ci\\public\\index.php')
CRITICAL - 2024-02-26 15:25:53 --> ErrorException: Uncaught CodeIgniter\Exceptions\ConfigException: Config\App::$baseURL " http://localhost:8080/" is not a valid URL. in C:\xampp\htdocs\roxas-ci\system\HTTP\SiteURI.php:199
Stack trace:
#0 C:\xampp\htdocs\roxas-ci\system\HTTP\SiteURI.php(145): CodeIgniter\HTTP\SiteURI->normalizeBaseURL(Object(Config\App))
#1 C:\xampp\htdocs\roxas-ci\system\HTTP\SiteURI.php(100): CodeIgniter\HTTP\SiteURI->determineBaseURL(Object(Config\App), NULL, NULL)
#2 C:\xampp\htdocs\roxas-ci\system\HTTP\SiteURIFactory.php(224): CodeIgniter\HTTP\SiteURI->__construct(Object(Config\App), 'users/add', NULL)
#3 C:\xampp\htdocs\roxas-ci\system\HTTP\SiteURIFactory.php(45): CodeIgniter\HTTP\SiteURIFactory->createURIFromRoutePath('users/add')
#4 C:\xampp\htdocs\roxas-ci\system\Config\Services.php(799): CodeIgniter\HTTP\SiteURIFactory->createFromGlobals()
#5 C:\xampp\htdocs\roxas-ci\system\Config\BaseService.php(258): CodeIgniter\Config\Services::uri(NULL, false)
#6 C:\xampp\htdocs\roxas-ci\system\Config\BaseService.php(199): CodeIgniter\Config\Bas
【Previous Exception】
CodeIgniter\Exceptions\ConfigException
Config\App::$baseURL " http://localhost:8080/" is not a valid URL.
#0 C:\xampp\htdocs\roxas-ci\system\HTTP\SiteURI.php(145): CodeIgniter\HTTP\SiteURI->normalizeBaseURL(Object(Config\App))
#1 C:\xampp\htdocs\roxas-ci\system\HTTP\SiteURI.php(100): CodeIgniter\HTTP\SiteURI->determineBaseURL(Object(Config\App), NULL, NULL)
#2 C:\xampp\htdocs\roxas-ci\system\HTTP\SiteURIFactory.php(224): CodeIgniter\HTTP\SiteURI->__construct(Object(Config\App), 'users/add', NULL)
#3 C:\xampp\htdocs\roxas-ci\system\HTTP\SiteURIFactory.php(45): CodeIgniter\HTTP\SiteURIFactory->createURIFromRoutePath('users/add')
#4 C:\xampp\htdocs\roxas-ci\system\Config\Services.php(799): CodeIgniter\HTTP\SiteURIFactory->createFromGlobals()
#5 C:\xampp\htdocs\roxas-ci\system\Config\BaseService.php(258): CodeIgniter\Config\Services::uri(NULL, false)
#6 C:\xampp\htdocs\roxas-ci\system\Config\BaseService.php(199): CodeIgniter\Config\BaseService::__callStatic('uri', Array)
#7 C:\xampp\htdocs\roxas-ci\system\Config\Services.php(792): CodeIgniter\Config\BaseService::getSharedInstance('uri', NULL)
#8 C:\xampp\htdocs\roxas-ci\system\Config\BaseService.php(258): CodeIgniter\Config\Services::uri()
#9 C:\xampp\htdocs\roxas-ci\system\Config\Services.php(566): CodeIgniter\Config\BaseService::__callStatic('uri', Array)
#10 C:\xampp\htdocs\roxas-ci\system\Config\BaseService.php(258): CodeIgniter\Config\Services::incomingrequest(Object(Config\App), false)
#11 C:\xampp\htdocs\roxas-ci\system\Config\Services.php(524): CodeIgniter\Config\BaseService::__callStatic('incomingrequest', Array)
#12 C:\xampp\htdocs\roxas-ci\system\Config\BaseService.php(258): CodeIgniter\Config\Services::request(Object(Config\App), false)
#13 C:\xampp\htdocs\roxas-ci\system\Config\BaseService.php(199): CodeIgniter\Config\BaseService::__callStatic('request', Array)
#14 C:\xampp\htdocs\roxas-ci\system\Config\Services.php(559): CodeIgniter\Config\BaseService::getSharedInstance('request', Object(Config\App))
#15 C:\xampp\htdocs\roxas-ci\system\Config\BaseService.php(258): CodeIgniter\Config\Services::incomingrequest(Object(Config\App))
#16 C:\xampp\htdocs\roxas-ci\system\Config\Services.php(539): CodeIgniter\Config\BaseService::__callStatic('incomingrequest', Array)
#17 C:\xampp\htdocs\roxas-ci\system\Config\BaseService.php(258): CodeIgniter\Config\Services::createRequest(Object(Config\App))
#18 C:\xampp\htdocs\roxas-ci\system\CodeIgniter.php(655): CodeIgniter\Config\BaseService::__callStatic('createRequest', Array)
#19 C:\xampp\htdocs\roxas-ci\system\CodeIgniter.php(355): CodeIgniter\CodeIgniter->getRequestObject()
#20 C:\xampp\htdocs\roxas-ci\public\index.php(79): CodeIgniter\CodeIgniter->run()
#21 C:\xampp\htdocs\roxas-ci\system\Commands\Server\rewrite.php(47): require_once('C:\\xampp\\htdocs...')
#22 {main}
in SYSTEMPATH\HTTP\SiteURI.php on line 199.
 1 [internal function]: CodeIgniter\Debug\Exceptions->shutdownHandler()
